<?xml version="1.0" encoding="UTF-8"?>
<!-- Generated by org.testng.reporters.JUnitReportReporter -->
<testsuite hostname="OyeAbhya" failures="0" tests="1" name="inetBanking_V2.TC_EditCustomer_004" time="15.183" errors="0" timestamp="2022-12-28T01:02:36 IST" skipped="0">
  <testcase classname="inetBanking_V2.TC_EditCustomer_004" name="TestEditCustomer" time="15.183"/>
  <system-out/>
</testsuite> <!-- inetBanking_V2.TC_EditCustomer_004 -->
