<?xml version="1.0" encoding="UTF-8"?>
<!-- Generated by org.testng.reporters.JUnitReportReporter -->
<testsuite hostname="OyeAbhya" failures="0" tests="1" name="inetBanking_V2.TC_DeleteCustomer_015" time="11.922" errors="0" timestamp="2022-12-28T01:02:36 IST" skipped="0">
  <testcase classname="inetBanking_V2.TC_DeleteCustomer_015" name="TestDeleteCutomer" time="11.922"/>
  <system-out/>
</testsuite> <!-- inetBanking_V2.TC_DeleteCustomer_015 -->
