<?xml version="1.0" encoding="UTF-8"?>
<!-- Generated by org.testng.reporters.JUnitReportReporter -->
<testsuite hostname="OyeAbhya" failures="0" tests="1" name="inetBanking_V2.TC_Withdrawal_006" time="23.671" errors="0" timestamp="2022-12-27T13:36:49 IST" skipped="0">
  <testcase classname="inetBanking_V2.TC_Withdrawal_006" name="TestWithdrawal" time="23.671"/>
  <system-out/>
</testsuite> <!-- inetBanking_V2.TC_Withdrawal_006 -->
