<?xml version="1.0" encoding="UTF-8"?>
<!-- Generated by org.testng.reporters.JUnitReportReporter -->
<testsuite hostname="OyeAbhya" failures="0" tests="1" name="inetBanking_V2.TC_AddNewAccount_005" time="12.833" errors="0" timestamp="2022-12-28T01:02:36 IST" skipped="0">
  <testcase classname="inetBanking_V2.TC_AddNewAccount_005" name="TestAddNewAccount" time="12.833"/>
  <system-out/>
</testsuite> <!-- inetBanking_V2.TC_AddNewAccount_005 -->
