<?xml version="1.0" encoding="UTF-8"?>
<!-- Generated by org.testng.reporters.JUnitReportReporter -->
<testsuite hostname="OyeAbhya" failures="0" tests="1" name="inetBanking_V2.TC_Deposit_005" time="17.511" errors="0" timestamp="2022-12-27T02:20:13 IST" skipped="0">
  <testcase classname="inetBanking_V2.TC_Deposit_005" name="TestDeposit" time="17.511"/>
  <system-out/>
</testsuite> <!-- inetBanking_V2.TC_Deposit_005 -->
