<?xml version="1.0" encoding="UTF-8"?>
<!-- Generated by org.testng.reporters.JUnitReportReporter -->
<testsuite hostname="OyeAbhya" failures="0" tests="1" name="inetBanking_V2.TC_AddNewAccount_004" time="17.742" errors="0" timestamp="2022-12-27T02:20:13 IST" skipped="0">
  <testcase classname="inetBanking_V2.TC_AddNewAccount_004" name="TestAddNewAccount" time="17.742"/>
  <system-out/>
</testsuite> <!-- inetBanking_V2.TC_AddNewAccount_004 -->
