<?xml version="1.0" encoding="UTF-8"?>
<!-- Generated by org.testng.reporters.JUnitReportReporter -->
<testsuite hostname="OyeAbhya" failures="0" tests="1" name="inetBanking_V2.TC_AddNewAccount_006" time="18.079" errors="0" timestamp="2022-12-27T14:14:21 IST" skipped="0">
  <testcase classname="inetBanking_V2.TC_AddNewAccount_006" name="TestAddNewAccount" time="18.079"/>
  <system-out/>
</testsuite> <!-- inetBanking_V2.TC_AddNewAccount_006 -->
