<?xml version="1.0" encoding="UTF-8"?>
<!-- Generated by org.testng.reporters.JUnitReportReporter -->
<testsuite hostname="OyeAbhya" failures="0" tests="1" name="inetBanking_V2.TC_Withdrawal_008" time="12.733" errors="0" timestamp="2022-12-28T01:02:36 IST" skipped="0">
  <testcase classname="inetBanking_V2.TC_Withdrawal_008" name="TestWithdrawal" time="12.733"/>
  <system-out/>
</testsuite> <!-- inetBanking_V2.TC_Withdrawal_008 -->
