<?xml version="1.0" encoding="UTF-8"?>
<!-- Generated by org.testng.reporters.JUnitReportReporter -->
<testsuite hostname="OyeAbhya" failures="0" tests="1" name="inetBanking_V2.TC_NewCutomer_002" time="9.064" errors="0" timestamp="2022-12-27T00:34:53 IST" skipped="0">
  <testcase classname="inetBanking_V2.TC_NewCutomer_002" name="TestNewCust" time="9.064"/>
  <system-out/>
</testsuite> <!-- inetBanking_V2.TC_NewCutomer_002 -->
